<?xml version="1.0" encoding="UTF-8" standalone="yes"?><!DOCTYPE report PUBLIC "-//JACOCO//DTD Report 1.1//EN" "report.dtd"><report name="project"><sessioninfo id="FuzzyBot-320eeb19" start="1744323793157" dump="1744323794081"/><sessioninfo id="FuzzyBot-eb469546" start="1744325564670" dump="1744325565605"/><sessioninfo id="FuzzyBot-cf56916" start="1744328358961" dump="1744328359920"/><package name="com/coen6761/RobotFloor"><class name="com/coen6761/RobotFloor/FloorMarkingService" sourcefilename="FloorMarkingService.java"><method name="getFloor" desc="()Lcom/coen6761/RobotFloor/Floor;" line="9"><counter type="INSTRUCTION" missed="0" covered="3"/><counter type="LINE" missed="0" covered="1"/><counter type="COMPLEXITY" missed="0" covered="1"/><counter type="METHOD" missed="0" covered="1"/></method><method name="&lt;init&gt;" desc="(I)V" line="12"><counter type="INSTRUCTION" missed="0" covered="11"/><counter type="LINE" missed="0" covered="4"/><counter type="COMPLEXITY" missed="0" covered="1"/><counter type="METHOD" missed="0" covered="1"/></method><method name="markFloor" desc="(Lcom/coen6761/Robot/Directions;[II)Lcom/coen6761/RobotFloor/Floor;" line="18"><counter type="INSTRUCTION" missed="44" covered="110"/><counter type="BRANCH" missed="8" covered="13"/><counter type="LINE" missed="4" covered="17"/><counter type="COMPLEXITY" missed="6" covered="7"/><counter type="METHOD" missed="0" covered="1"/></method><method name="printFloorFunction" desc="([ILcom/coen6761/Robot/Directions;)V" line="56"><counter type="INSTRUCTION" missed="0" covered="57"/><counter type="BRANCH" missed="0" covered="10"/><counter type="LINE" missed="0" covered="12"/><counter type="COMPLEXITY" missed="0" covered="6"/><counter type="METHOD" missed="0" covered="1"/></method><method name="getSymbolByDirection" desc="(Lcom/coen6761/Robot/Directions;)Ljava/lang/String;" line="75"><counter type="INSTRUCTION" missed="0" covered="17"/><counter type="BRANCH" missed="0" covered="6"/><counter type="LINE" missed="0" covered="7"/><counter type="COMPLEXITY" missed="0" covered="4"/><counter type="METHOD" missed="0" covered="1"/></method><counter type="INSTRUCTION" missed="44" covered="198"/><counter type="BRANCH" missed="8" covered="29"/><counter type="LINE" missed="4" covered="41"/><counter type="COMPLEXITY" missed="6" covered="19"/><counter type="METHOD" missed="0" covered="5"/><counter type="CLASS" missed="0" covered="1"/></class><class name="com/coen6761/RobotFloor/Floor" sourcefilename="Floor.java"><method name="&lt;init&gt;" desc="(I)V" line="6"><counter type="INSTRUCTION" missed="0" covered="10"/><counter type="LINE" missed="0" covered="4"/><counter type="COMPLEXITY" missed="0" covered="1"/><counter type="METHOD" missed="0" covered="1"/></method><method name="setToBlanks" desc="()V" line="12"><counter type="INSTRUCTION" missed="0" covered="26"/><counter type="BRANCH" missed="0" covered="4"/><counter type="LINE" missed="0" covered="4"/><counter type="COMPLEXITY" missed="0" covered="3"/><counter type="METHOD" missed="0" covered="1"/></method><method name="getFloorArray" desc="()[[I" line="20"><counter type="INSTRUCTION" missed="0" covered="3"/><counter type="LINE" missed="0" covered="1"/><counter type="COMPLEXITY" missed="0" covered="1"/><counter type="METHOD" missed="0" covered="1"/></method><method name="setFloorArray" desc="([[I)V" line="24"><counter type="INSTRUCTION" missed="0" covered="4"/><counter type="LINE" missed="0" covered="2"/><counter type="COMPLEXITY" missed="0" covered="1"/><counter type="METHOD" missed="0" covered="1"/></method><counter type="INSTRUCTION" missed="0" covered="43"/><counter type="BRANCH" missed="0" covered="4"/><counter type="LINE" missed="0" covered="11"/><counter type="COMPLEXITY" missed="0" covered="6"/><counter type="METHOD" missed="0" covered="4"/><counter type="CLASS" missed="0" covered="1"/></class><sourcefile name="Floor.java"><line nr="6" mi="0" ci="2" mb="0" cb="0"/><line nr="7" mi="0" ci="5" mb="0" cb="0"/><line nr="8" mi="0" ci="2" mb="0" cb="0"/><line nr="9" mi="0" ci="1" mb="0" cb="0"/><line nr="12" mi="0" ci="9" mb="0" cb="2"/><line nr="13" mi="0" ci="9" mb="0" cb="2"/><line nr="14" mi="0" ci="7" mb="0" cb="0"/><line nr="17" mi="0" ci="1" mb="0" cb="0"/><line nr="20" mi="0" ci="3" mb="0" cb="0"/><line nr="24" mi="0" ci="3" mb="0" cb="0"/><line nr="25" mi="0" ci="1" mb="0" cb="0"/><counter type="INSTRUCTION" missed="0" covered="43"/><counter type="BRANCH" missed="0" covered="4"/><counter type="LINE" missed="0" covered="11"/><counter type="COMPLEXITY" missed="0" covered="6"/><counter type="METHOD" missed="0" covered="4"/><counter type="CLASS" missed="0" covered="1"/></sourcefile><sourcefile name="FloorMarkingService.java"><line nr="9" mi="0" ci="3" mb="0" cb="0"/><line nr="12" mi="0" ci="2" mb="0" cb="0"/><line nr="13" mi="0" ci="5" mb="0" cb="0"/><line nr="14" mi="0" ci="3" mb="0" cb="0"/><line nr="15" mi="0" ci="1" mb="0" cb="0"/><line nr="18" mi="0" ci="4" mb="0" cb="0"/><line nr="19" mi="0" ci="3" mb="0" cb="0"/><line nr="20" mi="0" ci="2" mb="0" cb="0"/><line nr="22" mi="0" ci="5" mb="2" cb="3"/><line nr="24" mi="0" ci="14" mb="0" cb="2"/><line nr="25" mi="0" ci="9" mb="0" cb="2"/><line nr="26" mi="0" ci="8" mb="0" cb="0"/><line nr="28" mi="0" ci="1" mb="0" cb="0"/><line nr="31" mi="17" ci="0" mb="2" cb="0"/><line nr="32" mi="9" ci="0" mb="2" cb="0"/><line nr="33" mi="8" ci="0" mb="0" cb="0"/><line nr="35" mi="1" ci="0" mb="0" cb="0"/><line nr="38" mi="3" ci="14" mb="1" cb="1"/><line nr="39" mi="0" ci="9" mb="0" cb="2"/><line nr="40" mi="0" ci="8" mb="0" cb="0"/><line nr="42" mi="0" ci="1" mb="0" cb="0"/><line nr="45" mi="6" ci="8" mb="1" cb="1"/><line nr="46" mi="0" ci="9" mb="0" cb="2"/><line nr="47" mi="0" ci="8" mb="0" cb="0"/><line nr="51" mi="0" ci="4" mb="0" cb="0"/><line nr="52" mi="0" ci="3" mb="0" cb="0"/><line nr="56" mi="0" ci="4" mb="0" cb="0"/><line nr="58" mi="0" ci="8" mb="0" cb="2"/><line nr="59" mi="0" ci="8" mb="0" cb="2"/><line nr="60" mi="0" ci="10" mb="0" cb="4"/><line nr="61" mi="0" ci="4" mb="0" cb="0"/><line nr="62" mi="0" ci="4" mb="0" cb="0"/><line nr="63" mi="0" ci="1" mb="0" cb="0"/><line nr="64" mi="0" ci="7" mb="0" cb="2"/><line nr="65" mi="0" ci="4" mb="0" cb="0"/><line nr="67" mi="0" ci="3" mb="0" cb="0"/><line nr="70" mi="0" ci="3" mb="0" cb="0"/><line nr="72" mi="0" ci="1" mb="0" cb="0"/><line nr="75" mi="0" ci="3" mb="0" cb="2"/><line nr="76" mi="0" ci="2" mb="0" cb="0"/><line nr="77" mi="0" ci="3" mb="0" cb="2"/><line nr="78" mi="0" ci="2" mb="0" cb="0"/><line nr="79" mi="0" ci="3" mb="0" cb="2"/><line nr="80" mi="0" ci="2" mb="0" cb="0"/><line nr="82" mi="0" ci="2" mb="0" cb="0"/><counter type="INSTRUCTION" missed="44" covered="198"/><counter type="BRANCH" missed="8" covered="29"/><counter type="LINE" missed="4" covered="41"/><counter type="COMPLEXITY" missed="6" covered="19"/><counter type="METHOD" missed="0" covered="5"/><counter type="CLASS" missed="0" covered="1"/></sourcefile><counter type="INSTRUCTION" missed="44" covered="241"/><counter type="BRANCH" missed="8" covered="33"/><counter type="LINE" missed="4" covered="52"/><counter type="COMPLEXITY" missed="6" covered="25"/><counter type="METHOD" missed="0" covered="9"/><counter type="CLASS" missed="0" covered="2"/></package><package name="com/coen6761/HelperFunctions"><class name="com/coen6761/HelperFunctions/HelperFunctions" sourcefilename="HelperFunctions.java"><method name="&lt;init&gt;" desc="()V" line="3"><counter type="INSTRUCTION" missed="3" covered="0"/><counter type="LINE" missed="1" covered="0"/><counter type="COMPLEXITY" missed="1" covered="0"/><counter type="METHOD" missed="1" covered="0"/></method><method name="IntegerExist" desc="([Ljava/lang/String;)Z" line="5"><counter type="INSTRUCTION" missed="0" covered="8"/><counter type="BRANCH" missed="0" covered="2"/><counter type="LINE" missed="0" covered="3"/><counter type="COMPLEXITY" missed="0" covered="2"/><counter type="METHOD" missed="0" covered="1"/></method><method name="isValidInteger" desc="(Ljava/lang/String;)I" line="13"><counter type="INSTRUCTION" missed="0" covered="8"/><counter type="LINE" missed="0" covered="4"/><counter type="COMPLEXITY" missed="0" covered="1"/><counter type="METHOD" missed="0" covered="1"/></method><method name="isIntegergreaterThanZero" desc="(I)Z" line="21"><counter type="INSTRUCTION" missed="0" covered="6"/><counter type="BRANCH" missed="0" covered="2"/><counter type="LINE" missed="0" covered="2"/><counter type="COMPLEXITY" missed="0" covered="2"/><counter type="METHOD" missed="0" covered="1"/></method><counter type="INSTRUCTION" missed="3" covered="22"/><counter type="BRANCH" missed="0" covered="4"/><counter type="LINE" missed="1" covered="9"/><counter type="COMPLEXITY" missed="1" covered="5"/><counter type="METHOD" missed="1" covered="3"/><counter type="CLASS" missed="0" covered="1"/></class><sourcefile name="HelperFunctions.java"><line nr="3" mi="3" ci="0" mb="0" cb="0"/><line nr="5" mi="0" ci="4" mb="0" cb="2"/><line nr="6" mi="0" ci="2" mb="0" cb="0"/><line nr="8" mi="0" ci="2" mb="0" cb="0"/><line nr="13" mi="0" ci="3" mb="0" cb="0"/><line nr="14" mi="0" ci="2" mb="0" cb="0"/><line nr="15" mi="0" ci="1" mb="0" cb="0"/><line nr="16" mi="0" ci="2" mb="0" cb="0"/><line nr="21" mi="0" ci="4" mb="0" cb="2"/><line nr="22" mi="0" ci="2" mb="0" cb="0"/><counter type="INSTRUCTION" missed="3" covered="22"/><counter type="BRANCH" missed="0" covered="4"/><counter type="LINE" missed="1" covered="9"/><counter type="COMPLEXITY" missed="1" covered="5"/><counter type="METHOD" missed="1" covered="3"/><counter type="CLASS" missed="0" covered="1"/></sourcefile><counter type="INSTRUCTION" missed="3" covered="22"/><counter type="BRANCH" missed="0" covered="4"/><counter type="LINE" missed="1" covered="9"/><counter type="COMPLEXITY" missed="1" covered="5"/><counter type="METHOD" missed="1" covered="3"/><counter type="CLASS" missed="0" covered="1"/></package><package name="com/coen6761"><class name="com/coen6761/Main" sourcefilename="Main.java"><method name="&lt;init&gt;" desc="()V" line="5"><counter type="INSTRUCTION" missed="3" covered="0"/><counter type="LINE" missed="1" covered="0"/><counter type="COMPLEXITY" missed="1" covered="0"/><counter type="METHOD" missed="1" covered="0"/></method><method name="main" desc="([Ljava/lang/String;)V" line="7"><counter type="INSTRUCTION" missed="42" covered="0"/><counter type="BRANCH" missed="4" covered="0"/><counter type="LINE" missed="12" covered="0"/><counter type="COMPLEXITY" missed="3" covered="0"/><counter type="METHOD" missed="1" covered="0"/></method><counter type="INSTRUCTION" missed="45" covered="0"/><counter type="BRANCH" missed="4" covered="0"/><counter type="LINE" missed="13" covered="0"/><counter type="COMPLEXITY" missed="4" covered="0"/><counter type="METHOD" missed="2" covered="0"/><counter type="CLASS" missed="1" covered="0"/></class><class name="com/coen6761/ProgramActions" sourcefilename="ProgramActions.java"><method name="&lt;init&gt;" desc="()V" line="10"><counter type="INSTRUCTION" missed="0" covered="3"/><counter type="LINE" missed="0" covered="1"/><counter type="COMPLEXITY" missed="0" covered="1"/><counter type="METHOD" missed="0" covered="1"/></method><method name="actions" desc="(Ljava/lang/String;)V" line="17"><counter type="INSTRUCTION" missed="0" covered="54"/><counter type="BRANCH" missed="0" covered="10"/><counter type="LINE" missed="0" covered="23"/><counter type="COMPLEXITY" missed="0" covered="10"/><counter type="METHOD" missed="0" covered="1"/></method><method name="displayMovementHistory" desc="()V" line="62"><counter type="INSTRUCTION" missed="3" covered="12"/><counter type="BRANCH" missed="2" covered="2"/><counter type="LINE" missed="1" covered="3"/><counter type="COMPLEXITY" missed="2" covered="1"/><counter type="METHOD" missed="0" covered="1"/></method><method name="printFloorFunction" desc="()V" line="70"><counter type="INSTRUCTION" missed="0" covered="37"/><counter type="BRANCH" missed="1" covered="3"/><counter type="LINE" missed="0" covered="6"/><counter type="COMPLEXITY" missed="1" covered="2"/><counter type="METHOD" missed="0" covered="1"/></method><method name="callPenUpFunction" desc="()V" line="79"><counter type="INSTRUCTION" missed="3" covered="19"/><counter type="BRANCH" missed="2" covered="2"/><counter type="LINE" missed="1" covered="5"/><counter type="COMPLEXITY" missed="2" covered="1"/><counter type="METHOD" missed="0" covered="1"/></method><method name="callPenDownFunction" desc="()V" line="89"><counter type="INSTRUCTION" missed="0" covered="22"/><counter type="BRANCH" missed="1" covered="3"/><counter type="LINE" missed="0" covered="6"/><counter type="COMPLEXITY" missed="1" covered="2"/><counter type="METHOD" missed="0" covered="1"/></method><method name="callRobotTurnRightFunction" desc="()V" line="99"><counter type="INSTRUCTION" missed="3" covered="23"/><counter type="BRANCH" missed="2" covered="2"/><counter type="LINE" missed="1" covered="5"/><counter type="COMPLEXITY" missed="2" covered="1"/><counter type="METHOD" missed="0" covered="1"/></method><method name="callRobotTurnLeftFunction" desc="()V" line="109"><counter type="INSTRUCTION" missed="3" covered="23"/><counter type="BRANCH" missed="2" covered="2"/><counter type="LINE" missed="1" covered="5"/><counter type="COMPLEXITY" missed="2" covered="1"/><counter type="METHOD" missed="0" covered="1"/></method><method name="callInitialiseFunction" desc="([Ljava/lang/String;)V" line="119"><counter type="INSTRUCTION" missed="0" covered="50"/><counter type="BRANCH" missed="0" covered="6"/><counter type="LINE" missed="0" covered="15"/><counter type="COMPLEXITY" missed="0" covered="4"/><counter type="METHOD" missed="0" covered="1"/></method><method name="callCurrentPositionFunction" desc="()V" line="145"><counter type="INSTRUCTION" missed="3" covered="17"/><counter type="BRANCH" missed="2" covered="2"/><counter type="LINE" missed="1" covered="5"/><counter type="COMPLEXITY" missed="2" covered="1"/><counter type="METHOD" missed="0" covered="1"/></method><method name="moveRobotFunction" desc="([Ljava/lang/String;)V" line="154"><counter type="INSTRUCTION" missed="11" covered="104"/><counter type="BRANCH" missed="3" covered="12"/><counter type="LINE" missed="3" covered="27"/><counter type="COMPLEXITY" missed="3" covered="7"/><counter type="METHOD" missed="0" covered="1"/></method><method name="markingTheFloor" desc="([IILcom/coen6761/Robot/Directions;)V" line="227"><counter type="INSTRUCTION" missed="0" covered="13"/><counter type="BRANCH" missed="0" covered="2"/><counter type="LINE" missed="0" covered="3"/><counter type="COMPLEXITY" missed="0" covered="2"/><counter type="METHOD" missed="0" covered="1"/></method><counter type="INSTRUCTION" missed="26" covered="377"/><counter type="BRANCH" missed="15" covered="46"/><counter type="LINE" missed="8" covered="104"/><counter type="COMPLEXITY" missed="15" covered="33"/><counter type="METHOD" missed="0" covered="12"/><counter type="CLASS" missed="0" covered="1"/></class><sourcefile name="ProgramActions.java"><line nr="10" mi="0" ci="3" mb="0" cb="0"/><line nr="17" mi="0" ci="4" mb="0" cb="0"/><line nr="18" mi="0" ci="7" mb="0" cb="0"/><line nr="20" mi="0" ci="10" mb="0" cb="10"/><line nr="22" mi="0" ci="3" mb="0" cb="0"/><line nr="23" mi="0" ci="1" mb="0" cb="0"/><line nr="26" mi="0" ci="2" mb="0" cb="0"/><line nr="27" mi="0" ci="1" mb="0" cb="0"/><line nr="30" mi="0" ci="2" mb="0" cb="0"/><line nr="31" mi="0" ci="1" mb="0" cb="0"/><line nr="34" mi="0" ci="2" mb="0" cb="0"/><line nr="35" mi="0" ci="1" mb="0" cb="0"/><line nr="38" mi="0" ci="2" mb="0" cb="0"/><line nr="39" mi="0" ci="1" mb="0" cb="0"/><line nr="42" mi="0" ci="2" mb="0" cb="0"/><line nr="43" mi="0" ci="1" mb="0" cb="0"/><line nr="46" mi="0" ci="2" mb="0" cb="0"/><line nr="47" mi="0" ci="1" mb="0" cb="0"/><line nr="50" mi="0" ci="3" mb="0" cb="0"/><line nr="51" mi="0" ci="1" mb="0" cb="0"/><line nr="53" mi="0" ci="2" mb="0" cb="0"/><line nr="54" mi="0" ci="1" mb="0" cb="0"/><line nr="56" mi="0" ci="3" mb="0" cb="0"/><line nr="59" mi="0" ci="1" mb="0" cb="0"/><line nr="62" mi="0" ci="7" mb="2" cb="2"/><line nr="63" mi="0" ci="4" mb="0" cb="0"/><line nr="65" mi="3" ci="0" mb="0" cb="0"/><line nr="67" mi="0" ci="1" mb="0" cb="0"/><line nr="70" mi="0" ci="7" mb="1" cb="3"/><line nr="71" mi="0" ci="17" mb="0" cb="0"/><line nr="72" mi="0" ci="8" mb="0" cb="0"/><line nr="73" mi="0" ci="1" mb="0" cb="0"/><line nr="74" mi="0" ci="3" mb="0" cb="0"/><line nr="76" mi="0" ci="1" mb="0" cb="0"/><line nr="79" mi="0" ci="7" mb="2" cb="2"/><line nr="80" mi="0" ci="4" mb="0" cb="0"/><line nr="81" mi="0" ci="3" mb="0" cb="0"/><line nr="82" mi="0" ci="4" mb="0" cb="0"/><line nr="84" mi="3" ci="0" mb="0" cb="0"/><line nr="86" mi="0" ci="1" mb="0" cb="0"/><line nr="89" mi="0" ci="7" mb="1" cb="3"/><line nr="90" mi="0" ci="4" mb="0" cb="0"/><line nr="91" mi="0" ci="3" mb="0" cb="0"/><line nr="92" mi="0" ci="4" mb="0" cb="0"/><line nr="94" mi="0" ci="3" mb="0" cb="0"/><line nr="96" mi="0" ci="1" mb="0" cb="0"/><line nr="99" mi="0" ci="7" mb="2" cb="2"/><line nr="100" mi="0" ci="4" mb="0" cb="0"/><line nr="101" mi="0" ci="7" mb="0" cb="0"/><line nr="102" mi="0" ci="4" mb="0" cb="0"/><line nr="104" mi="3" ci="0" mb="0" cb="0"/><line nr="106" mi="0" ci="1" mb="0" cb="0"/><line nr="109" mi="0" ci="7" mb="2" cb="2"/><line nr="110" mi="0" ci="4" mb="0" cb="0"/><line nr="111" mi="0" ci="7" mb="0" cb="0"/><line nr="112" mi="0" ci="4" mb="0" cb="0"/><line nr="114" mi="3" ci="0" mb="0" cb="0"/><line nr="116" mi="0" ci="1" mb="0" cb="0"/><line nr="119" mi="0" ci="3" mb="0" cb="2"/><line nr="120" mi="0" ci="3" mb="0" cb="0"/><line nr="121" mi="0" ci="1" mb="0" cb="0"/><line nr="124" mi="0" ci="5" mb="0" cb="0"/><line nr="125" mi="0" ci="3" mb="0" cb="2"/><line nr="126" mi="0" ci="3" mb="0" cb="0"/><line nr="130" mi="0" ci="3" mb="0" cb="2"/><line nr="131" mi="0" ci="3" mb="0" cb="0"/><line nr="132" mi="0" ci="1" mb="0" cb="0"/><line nr="135" mi="0" ci="6" mb="0" cb="0"/><line nr="136" mi="0" ci="6" mb="0" cb="0"/><line nr="137" mi="0" ci="5" mb="0" cb="0"/><line nr="138" mi="0" ci="4" mb="0" cb="0"/><line nr="140" mi="0" ci="3" mb="0" cb="0"/><line nr="141" mi="0" ci="1" mb="0" cb="0"/><line nr="145" mi="0" ci="7" mb="2" cb="2"/><line nr="146" mi="0" ci="5" mb="0" cb="0"/><line nr="147" mi="0" ci="3" mb="0" cb="0"/><line nr="148" mi="0" ci="1" mb="0" cb="0"/><line nr="149" mi="3" ci="0" mb="0" cb="0"/><line nr="151" mi="0" ci="1" mb="0" cb="0"/><line nr="154" mi="0" ci="3" mb="0" cb="2"/><line nr="155" mi="0" ci="3" mb="0" cb="0"/><line nr="156" mi="0" ci="1" mb="0" cb="0"/><line nr="159" mi="0" ci="5" mb="0" cb="0"/><line nr="160" mi="0" ci="3" mb="0" cb="2"/><line nr="161" mi="0" ci="3" mb="0" cb="0"/><line nr="162" mi="0" ci="1" mb="0" cb="0"/><line nr="165" mi="0" ci="3" mb="0" cb="2"/><line nr="166" mi="0" ci="3" mb="0" cb="0"/><line nr="167" mi="0" ci="1" mb="0" cb="0"/><line nr="170" mi="0" ci="7" mb="1" cb="3"/><line nr="171" mi="0" ci="3" mb="0" cb="0"/><line nr="172" mi="0" ci="1" mb="0" cb="0"/><line nr="175" mi="0" ci="4" mb="0" cb="0"/><line nr="176" mi="0" ci="13" mb="0" cb="0"/><line nr="177" mi="0" ci="6" mb="2" cb="3"/><line nr="179" mi="0" ci="5" mb="0" cb="0"/><line nr="180" mi="0" ci="5" mb="0" cb="0"/><line nr="181" mi="0" ci="1" mb="0" cb="0"/><line nr="183" mi="5" ci="0" mb="0" cb="0"/><line nr="184" mi="5" ci="0" mb="0" cb="0"/><line nr="185" mi="1" ci="0" mb="0" cb="0"/><line nr="187" mi="0" ci="5" mb="0" cb="0"/><line nr="188" mi="0" ci="5" mb="0" cb="0"/><line nr="189" mi="0" ci="1" mb="0" cb="0"/><line nr="191" mi="0" ci="5" mb="0" cb="0"/><line nr="192" mi="0" ci="5" mb="0" cb="0"/><line nr="195" mi="0" ci="8" mb="0" cb="0"/><line nr="196" mi="0" ci="3" mb="0" cb="0"/><line nr="198" mi="0" ci="1" mb="0" cb="0"/><line nr="227" mi="0" ci="5" mb="0" cb="2"/><line nr="228" mi="0" ci="7" mb="0" cb="0"/><line nr="230" mi="0" ci="1" mb="0" cb="0"/><counter type="INSTRUCTION" missed="26" covered="377"/><counter type="BRANCH" missed="15" covered="46"/><counter type="LINE" missed="8" covered="104"/><counter type="COMPLEXITY" missed="15" covered="33"/><counter type="METHOD" missed="0" covered="12"/><counter type="CLASS" missed="0" covered="1"/></sourcefile><sourcefile name="Main.java"><line nr="5" mi="3" ci="0" mb="0" cb="0"/><line nr="7" mi="5" ci="0" mb="0" cb="0"/><line nr="8" mi="4" ci="0" mb="0" cb="0"/><line nr="10" mi="3" ci="0" mb="0" cb="0"/><line nr="11" mi="3" ci="0" mb="0" cb="0"/><line nr="12" mi="3" ci="0" mb="0" cb="0"/><line nr="14" mi="8" ci="0" mb="4" cb="0"/><line nr="15" mi="3" ci="0" mb="0" cb="0"/><line nr="16" mi="3" ci="0" mb="0" cb="0"/><line nr="17" mi="4" ci="0" mb="0" cb="0"/><line nr="20" mi="3" ci="0" mb="0" cb="0"/><line nr="21" mi="2" ci="0" mb="0" cb="0"/><line nr="22" mi="1" ci="0" mb="0" cb="0"/><counter type="INSTRUCTION" missed="45" covered="0"/><counter type="BRANCH" missed="4" covered="0"/><counter type="LINE" missed="13" covered="0"/><counter type="COMPLEXITY" missed="4" covered="0"/><counter type="METHOD" missed="2" covered="0"/><counter type="CLASS" missed="1" covered="0"/></sourcefile><counter type="INSTRUCTION" missed="71" covered="377"/><counter type="BRANCH" missed="19" covered="46"/><counter type="LINE" missed="21" covered="104"/><counter type="COMPLEXITY" missed="19" covered="33"/><counter type="METHOD" missed="2" covered="12"/><counter type="CLASS" missed="1" covered="1"/></package><package name="com/coen6761/MovementHistory"><class name="com/coen6761/MovementHistory/MovementType" sourcefilename="MovementType.java"><method name="&lt;clinit&gt;" desc="()V" line="3"><counter type="INSTRUCTION" missed="0" covered="39"/><counter type="LINE" missed="0" covered="7"/><counter type="COMPLEXITY" missed="0" covered="1"/><counter type="METHOD" missed="0" covered="1"/></method><counter type="INSTRUCTION" missed="0" covered="39"/><counter type="LINE" missed="0" covered="7"/><counter type="COMPLEXITY" missed="0" covered="1"/><counter type="METHOD" missed="0" covered="1"/><counter type="CLASS" missed="0" covered="1"/></class><class name="com/coen6761/MovementHistory/MovementEvent" sourcefilename="MovementEvent.java"><method name="&lt;init&gt;" desc="(Lcom/coen6761/MovementHistory/MovementType;IZ)V" line="10"><counter type="INSTRUCTION" missed="0" covered="12"/><counter type="LINE" missed="0" covered="5"/><counter type="COMPLEXITY" missed="0" covered="1"/><counter type="METHOD" missed="0" covered="1"/></method><method name="&lt;init&gt;" desc="(Lcom/coen6761/MovementHistory/MovementType;I)V" line="17"><counter type="INSTRUCTION" missed="0" covered="9"/><counter type="LINE" missed="0" covered="4"/><counter type="COMPLEXITY" missed="0" covered="1"/><counter type="METHOD" missed="0" covered="1"/></method><method name="getMovement" desc="()Lcom/coen6761/MovementHistory/MovementType;" line="23"><counter type="INSTRUCTION" missed="0" covered="3"/><counter type="LINE" missed="0" covered="1"/><counter type="COMPLEXITY" missed="0" covered="1"/><counter type="METHOD" missed="0" covered="1"/></method><method name="getStepCount" desc="()I" line="26"><counter type="INSTRUCTION" missed="0" covered="3"/><counter type="LINE" missed="0" covered="1"/><counter type="COMPLEXITY" missed="0" covered="1"/><counter type="METHOD" missed="0" covered="1"/></method><method name="getPenUpStatus" desc="()Z" line="29"><counter type="INSTRUCTION" missed="3" covered="0"/><counter type="LINE" missed="1" covered="0"/><counter type="COMPLEXITY" missed="1" covered="0"/><counter type="METHOD" missed="1" covered="0"/></method><method name="getFloorDim" desc="()I" line="32"><counter type="INSTRUCTION" missed="0" covered="3"/><counter type="LINE" missed="0" covered="1"/><counter type="COMPLEXITY" missed="0" covered="1"/><counter type="METHOD" missed="0" covered="1"/></method><method name="toString" desc="()Ljava/lang/String;" line="36"><counter type="INSTRUCTION" missed="0" covered="27"/><counter type="BRANCH" missed="0" covered="4"/><counter type="LINE" missed="0" covered="5"/><counter type="COMPLEXITY" missed="0" covered="3"/><counter type="METHOD" missed="0" covered="1"/></method><counter type="INSTRUCTION" missed="3" covered="57"/><counter type="BRANCH" missed="0" covered="4"/><counter type="LINE" missed="1" covered="17"/><counter type="COMPLEXITY" missed="1" covered="8"/><counter type="METHOD" missed="1" covered="6"/><counter type="CLASS" missed="0" covered="1"/></class><class name="com/coen6761/MovementHistory/MovementHistoryService" sourcefilename="MovementHistoryService.java"><method name="&lt;init&gt;" desc="()V" line="14"><counter type="INSTRUCTION" missed="0" covered="8"/><counter type="LINE" missed="0" covered="3"/><counter type="COMPLEXITY" missed="0" covered="1"/><counter type="METHOD" missed="0" covered="1"/></method><method name="getMovementList" desc="()Ljava/util/LinkedList;" line="19"><counter type="INSTRUCTION" missed="0" covered="3"/><counter type="LINE" missed="0" covered="1"/><counter type="COMPLEXITY" missed="0" covered="1"/><counter type="METHOD" missed="0" covered="1"/></method><method name="addMovement" desc="(Lcom/coen6761/MovementHistory/MovementEvent;)V" line="23"><counter type="INSTRUCTION" missed="0" covered="6"/><counter type="LINE" missed="0" covered="2"/><counter type="COMPLEXITY" missed="0" covered="1"/><counter type="METHOD" missed="0" covered="1"/></method><method name="addLeftTurnEvent" desc="(Z)V" line="27"><counter type="INSTRUCTION" missed="0" covered="11"/><counter type="LINE" missed="0" covered="3"/><counter type="COMPLEXITY" missed="0" covered="1"/><counter type="METHOD" missed="0" covered="1"/></method><method name="addRightTurnEvent" desc="(Z)V" line="32"><counter type="INSTRUCTION" missed="0" covered="11"/><counter type="LINE" missed="0" covered="3"/><counter type="COMPLEXITY" missed="0" covered="1"/><counter type="METHOD" missed="0" covered="1"/></method><method name="addMoveEvent" desc="(IZ)V" line="37"><counter type="INSTRUCTION" missed="0" covered="11"/><counter type="LINE" missed="0" covered="3"/><counter type="COMPLEXITY" missed="0" covered="1"/><counter type="METHOD" missed="0" covered="1"/></method><method name="addPenUpEvent" desc="()V" line="42"><counter type="INSTRUCTION" missed="0" covered="11"/><counter type="LINE" missed="0" covered="3"/><counter type="COMPLEXITY" missed="0" covered="1"/><counter type="METHOD" missed="0" covered="1"/></method><method name="addPenDownEvent" desc="()V" line="47"><counter type="INSTRUCTION" missed="0" covered="11"/><counter type="LINE" missed="0" covered="3"/><counter type="COMPLEXITY" missed="0" covered="1"/><counter type="METHOD" missed="0" covered="1"/></method><method name="addInitializeEvent" desc="(I)V" line="52"><counter type="INSTRUCTION" missed="0" covered="10"/><counter type="LINE" missed="0" covered="3"/><counter type="COMPLEXITY" missed="0" covered="1"/><counter type="METHOD" missed="0" covered="1"/></method><method name="display" desc="()V" line="57"><counter type="INSTRUCTION" missed="3" covered="30"/><counter type="BRANCH" missed="1" covered="3"/><counter type="LINE" missed="1" covered="9"/><counter type="COMPLEXITY" missed="1" covered="2"/><counter type="METHOD" missed="0" covered="1"/></method><method name="eventTranslator" desc="(Lcom/coen6761/MovementHistory/MovementEvent;)V" line="70"><counter type="INSTRUCTION" missed="35" covered="123"/><counter type="BRANCH" missed="5" covered="10"/><counter type="LINE" missed="7" covered="20"/><counter type="COMPLEXITY" missed="5" covered="5"/><counter type="METHOD" missed="0" covered="1"/></method><method name="markingTheFloor" desc="([IILcom/coen6761/Robot/Directions;)V" line="107"><counter type="INSTRUCTION" missed="0" covered="13"/><counter type="BRANCH" missed="1" covered="1"/><counter type="LINE" missed="0" covered="3"/><counter type="COMPLEXITY" missed="1" covered="1"/><counter type="METHOD" missed="0" covered="1"/></method><counter type="INSTRUCTION" missed="38" covered="248"/><counter type="BRANCH" missed="7" covered="14"/><counter type="LINE" missed="8" covered="56"/><counter type="COMPLEXITY" missed="7" covered="17"/><counter type="METHOD" missed="0" covered="12"/><counter type="CLASS" missed="0" covered="1"/></class><sourcefile name="MovementEvent.java"><line nr="10" mi="0" ci="2" mb="0" cb="0"/><line nr="11" mi="0" ci="3" mb="0" cb="0"/><line nr="12" mi="0" ci="3" mb="0" cb="0"/><line nr="13" mi="0" ci="3" mb="0" cb="0"/><line nr="14" mi="0" ci="1" mb="0" cb="0"/><line nr="17" mi="0" ci="2" mb="0" cb="0"/><line nr="18" mi="0" ci="3" mb="0" cb="0"/><line nr="19" mi="0" ci="3" mb="0" cb="0"/><line nr="20" mi="0" ci="1" mb="0" cb="0"/><line nr="23" mi="0" ci="3" mb="0" cb="0"/><line nr="26" mi="0" ci="3" mb="0" cb="0"/><line nr="29" mi="3" ci="0" mb="0" cb="0"/><line nr="32" mi="0" ci="3" mb="0" cb="0"/><line nr="36" mi="0" ci="4" mb="0" cb="2"/><line nr="37" mi="0" ci="7" mb="0" cb="0"/><line nr="39" mi="0" ci="4" mb="0" cb="2"/><line nr="40" mi="0" ci="7" mb="0" cb="0"/><line nr="42" mi="0" ci="5" mb="0" cb="0"/><counter type="INSTRUCTION" missed="3" covered="57"/><counter type="BRANCH" missed="0" covered="4"/><counter type="LINE" missed="1" covered="17"/><counter type="COMPLEXITY" missed="1" covered="8"/><counter type="METHOD" missed="1" covered="6"/><counter type="CLASS" missed="0" covered="1"/></sourcefile><sourcefile name="MovementType.java"><line nr="3" mi="0" ci="3" mb="0" cb="0"/><line nr="4" mi="0" ci="6" mb="0" cb="0"/><line nr="5" mi="0" ci="6" mb="0" cb="0"/><line nr="6" mi="0" ci="6" mb="0" cb="0"/><line nr="7" mi="0" ci="6" mb="0" cb="0"/><line nr="8" mi="0" ci="6" mb="0" cb="0"/><line nr="9" mi="0" ci="6" mb="0" cb="0"/><counter type="INSTRUCTION" missed="0" covered="39"/><counter type="LINE" missed="0" covered="7"/><counter type="COMPLEXITY" missed="0" covered="1"/><counter type="METHOD" missed="0" covered="1"/><counter type="CLASS" missed="0" covered="1"/></sourcefile><sourcefile name="MovementHistoryService.java"><line nr="14" mi="0" ci="2" mb="0" cb="0"/><line nr="15" mi="0" ci="5" mb="0" cb="0"/><line nr="16" mi="0" ci="1" mb="0" cb="0"/><line nr="19" mi="0" ci="3" mb="0" cb="0"/><line nr="23" mi="0" ci="5" mb="0" cb="0"/><line nr="24" mi="0" ci="1" mb="0" cb="0"/><line nr="27" mi="0" ci="7" mb="0" cb="0"/><line nr="28" mi="0" ci="3" mb="0" cb="0"/><line nr="29" mi="0" ci="1" mb="0" cb="0"/><line nr="32" mi="0" ci="7" mb="0" cb="0"/><line nr="33" mi="0" ci="3" mb="0" cb="0"/><line nr="34" mi="0" ci="1" mb="0" cb="0"/><line nr="37" mi="0" ci="7" mb="0" cb="0"/><line nr="38" mi="0" ci="3" mb="0" cb="0"/><line nr="39" mi="0" ci="1" mb="0" cb="0"/><line nr="42" mi="0" ci="7" mb="0" cb="0"/><line nr="43" mi="0" ci="3" mb="0" cb="0"/><line nr="44" mi="0" ci="1" mb="0" cb="0"/><line nr="47" mi="0" ci="7" mb="0" cb="0"/><line nr="48" mi="0" ci="3" mb="0" cb="0"/><line nr="49" mi="0" ci="1" mb="0" cb="0"/><line nr="52" mi="0" ci="6" mb="0" cb="0"/><line nr="53" mi="0" ci="3" mb="0" cb="0"/><line nr="54" mi="0" ci="1" mb="0" cb="0"/><line nr="57" mi="0" ci="4" mb="1" cb="1"/><line nr="58" mi="0" ci="2" mb="0" cb="0"/><line nr="59" mi="0" ci="11" mb="0" cb="2"/><line nr="60" mi="0" ci="6" mb="0" cb="0"/><line nr="61" mi="0" ci="3" mb="0" cb="0"/><line nr="62" mi="0" ci="1" mb="0" cb="0"/><line nr="63" mi="0" ci="1" mb="0" cb="0"/><line nr="64" mi="0" ci="1" mb="0" cb="0"/><line nr="65" mi="3" ci="0" mb="0" cb="0"/><line nr="67" mi="0" ci="1" mb="0" cb="0"/><line nr="70" mi="0" ci="4" mb="0" cb="2"/><line nr="71" mi="0" ci="7" mb="0" cb="0"/><line nr="72" mi="0" ci="8" mb="0" cb="0"/><line nr="73" mi="0" ci="4" mb="1" cb="1"/><line nr="74" mi="5" ci="0" mb="0" cb="0"/><line nr="75" mi="0" ci="4" mb="0" cb="2"/><line nr="76" mi="0" ci="5" mb="0" cb="0"/><line nr="77" mi="0" ci="4" mb="1" cb="1"/><line nr="78" mi="5" ci="0" mb="0" cb="0"/><line nr="79" mi="0" ci="4" mb="0" cb="2"/><line nr="80" mi="0" ci="5" mb="0" cb="0"/><line nr="82" mi="0" ci="17" mb="0" cb="0"/><line nr="83" mi="0" ci="8" mb="3" cb="2"/><line nr="85" mi="0" ci="6" mb="0" cb="0"/><line nr="86" mi="0" ci="6" mb="0" cb="0"/><line nr="87" mi="0" ci="1" mb="0" cb="0"/><line nr="89" mi="6" ci="0" mb="0" cb="0"/><line nr="90" mi="6" ci="0" mb="0" cb="0"/><line nr="91" mi="1" ci="0" mb="0" cb="0"/><line nr="93" mi="0" ci="6" mb="0" cb="0"/><line nr="94" mi="0" ci="6" mb="0" cb="0"/><line nr="95" mi="0" ci="1" mb="0" cb="0"/><line nr="97" mi="6" ci="0" mb="0" cb="0"/><line nr="98" mi="6" ci="0" mb="0" cb="0"/><line nr="102" mi="0" ci="23" mb="0" cb="0"/><line nr="103" mi="0" ci="3" mb="0" cb="0"/><line nr="104" mi="0" ci="1" mb="0" cb="0"/><line nr="107" mi="0" ci="5" mb="1" cb="1"/><line nr="108" mi="0" ci="7" mb="0" cb="0"/><line nr="110" mi="0" ci="1" mb="0" cb="0"/><counter type="INSTRUCTION" missed="38" covered="248"/><counter type="BRANCH" missed="7" covered="14"/><counter type="LINE" missed="8" covered="56"/><counter type="COMPLEXITY" missed="7" covered="17"/><counter type="METHOD" missed="0" covered="12"/><counter type="CLASS" missed="0" covered="1"/></sourcefile><counter type="INSTRUCTION" missed="41" covered="344"/><counter type="BRANCH" missed="7" covered="18"/><counter type="LINE" missed="9" covered="80"/><counter type="COMPLEXITY" missed="8" covered="26"/><counter type="METHOD" missed="1" covered="19"/><counter type="CLASS" missed="0" covered="3"/></package><package name="com/coen6761/Robot"><class name="com/coen6761/Robot/Directions" sourcefilename="Directions.java"><method name="&lt;clinit&gt;" desc="()V" line="3"><counter type="INSTRUCTION" missed="0" covered="27"/><counter type="LINE" missed="0" covered="5"/><counter type="COMPLEXITY" missed="0" covered="1"/><counter type="METHOD" missed="0" covered="1"/></method><counter type="INSTRUCTION" missed="0" covered="27"/><counter type="LINE" missed="0" covered="5"/><counter type="COMPLEXITY" missed="0" covered="1"/><counter type="METHOD" missed="0" covered="1"/><counter type="CLASS" missed="0" covered="1"/></class><class name="com/coen6761/Robot/RobotService" sourcefilename="RobotService.java"><method name="&lt;init&gt;" desc="(I)V" line="8"><counter type="INSTRUCTION" missed="0" covered="12"/><counter type="LINE" missed="0" covered="4"/><counter type="COMPLEXITY" missed="0" covered="1"/><counter type="METHOD" missed="0" covered="1"/></method><method name="moveWest" desc="(I)Lcom/coen6761/Robot/Robot;" line="15"><counter type="INSTRUCTION" missed="7" covered="15"/><counter type="BRANCH" missed="1" covered="1"/><counter type="LINE" missed="1" covered="4"/><counter type="COMPLEXITY" missed="1" covered="1"/><counter type="METHOD" missed="0" covered="1"/></method><method name="moveEast" desc="(I)Lcom/coen6761/Robot/Robot;" line="26"><counter type="INSTRUCTION" missed="7" covered="20"/><counter type="BRANCH" missed="1" covered="1"/><counter type="LINE" missed="1" covered="4"/><counter type="COMPLEXITY" missed="1" covered="1"/><counter type="METHOD" missed="0" covered="1"/></method><method name="moveNorth" desc="(I)Lcom/coen6761/Robot/Robot;" line="36"><counter type="INSTRUCTION" missed="0" covered="22"/><counter type="BRANCH" missed="0" covered="2"/><counter type="LINE" missed="0" covered="5"/><counter type="COMPLEXITY" missed="0" covered="2"/><counter type="METHOD" missed="0" covered="1"/></method><method name="moveSouth" desc="(I)Lcom/coen6761/Robot/Robot;" line="46"><counter type="INSTRUCTION" missed="27" covered="0"/><counter type="BRANCH" missed="2" covered="0"/><counter type="LINE" missed="5" covered="0"/><counter type="COMPLEXITY" missed="2" covered="0"/><counter type="METHOD" missed="1" covered="0"/></method><method name="turnLeft" desc="()Lcom/coen6761/Robot/Robot;" line="73"><counter type="INSTRUCTION" missed="0" covered="13"/><counter type="LINE" missed="0" covered="3"/><counter type="COMPLEXITY" missed="0" covered="1"/><counter type="METHOD" missed="0" covered="1"/></method><method name="turnRight" desc="()Lcom/coen6761/Robot/Robot;" line="80"><counter type="INSTRUCTION" missed="0" covered="13"/><counter type="LINE" missed="0" covered="3"/><counter type="COMPLEXITY" missed="0" covered="1"/><counter type="METHOD" missed="0" covered="1"/></method><method name="directionMappingForLeft" desc="(Lcom/coen6761/Robot/Directions;)Lcom/coen6761/Robot/Directions;" line="86"><counter type="INSTRUCTION" missed="2" covered="15"/><counter type="BRANCH" missed="1" covered="5"/><counter type="LINE" missed="1" covered="6"/><counter type="COMPLEXITY" missed="1" covered="3"/><counter type="METHOD" missed="0" covered="1"/></method><method name="directionMappingForRight" desc="(Lcom/coen6761/Robot/Directions;)Lcom/coen6761/Robot/Directions;" line="98"><counter type="INSTRUCTION" missed="12" covered="5"/><counter type="BRANCH" missed="5" covered="1"/><counter type="LINE" missed="5" covered="2"/><counter type="COMPLEXITY" missed="3" covered="1"/><counter type="METHOD" missed="0" covered="1"/></method><method name="getRobot" desc="()Lcom/coen6761/Robot/Robot;" line="110"><counter type="INSTRUCTION" missed="0" covered="3"/><counter type="LINE" missed="0" covered="1"/><counter type="COMPLEXITY" missed="0" covered="1"/><counter type="METHOD" missed="0" covered="1"/></method><counter type="INSTRUCTION" missed="55" covered="118"/><counter type="BRANCH" missed="10" covered="10"/><counter type="LINE" missed="13" covered="32"/><counter type="COMPLEXITY" missed="8" covered="12"/><counter type="METHOD" missed="1" covered="9"/><counter type="CLASS" missed="0" covered="1"/></class><class name="com/coen6761/Robot/Robot" sourcefilename="Robot.java"><method name="&lt;init&gt;" desc="(I)V" line="10"><counter type="INSTRUCTION" missed="0" covered="22"/><counter type="LINE" missed="0" covered="7"/><counter type="COMPLEXITY" missed="0" covered="1"/><counter type="METHOD" missed="0" covered="1"/></method><method name="getRow" desc="()I" line="20"><counter type="INSTRUCTION" missed="0" covered="3"/><counter type="LINE" missed="0" covered="1"/><counter type="COMPLEXITY" missed="0" covered="1"/><counter type="METHOD" missed="0" covered="1"/></method><method name="setRow" desc="(I)V" line="24"><counter type="INSTRUCTION" missed="0" covered="4"/><counter type="LINE" missed="0" covered="2"/><counter type="COMPLEXITY" missed="0" covered="1"/><counter type="METHOD" missed="0" covered="1"/></method><method name="getCol" desc="()I" line="28"><counter type="INSTRUCTION" missed="0" covered="3"/><counter type="LINE" missed="0" covered="1"/><counter type="COMPLEXITY" missed="0" covered="1"/><counter type="METHOD" missed="0" covered="1"/></method><method name="setCol" desc="(I)V" line="32"><counter type="INSTRUCTION" missed="0" covered="4"/><counter type="LINE" missed="0" covered="2"/><counter type="COMPLEXITY" missed="0" covered="1"/><counter type="METHOD" missed="0" covered="1"/></method><method name="setPenDown" desc="()V" line="36"><counter type="INSTRUCTION" missed="0" covered="8"/><counter type="BRANCH" missed="1" covered="1"/><counter type="LINE" missed="0" covered="3"/><counter type="COMPLEXITY" missed="1" covered="1"/><counter type="METHOD" missed="0" covered="1"/></method><method name="setpenUp" desc="()V" line="42"><counter type="INSTRUCTION" missed="0" covered="7"/><counter type="BRANCH" missed="0" covered="2"/><counter type="LINE" missed="0" covered="3"/><counter type="COMPLEXITY" missed="0" covered="2"/><counter type="METHOD" missed="0" covered="1"/></method><method name="getPenUpStatus" desc="()Z" line="48"><counter type="INSTRUCTION" missed="0" covered="3"/><counter type="LINE" missed="0" covered="1"/><counter type="COMPLEXITY" missed="0" covered="1"/><counter type="METHOD" missed="0" covered="1"/></method><method name="setDirection" desc="(Lcom/coen6761/Robot/Directions;)V" line="52"><counter type="INSTRUCTION" missed="0" covered="4"/><counter type="LINE" missed="0" covered="2"/><counter type="COMPLEXITY" missed="0" covered="1"/><counter type="METHOD" missed="0" covered="1"/></method><method name="getDirection" desc="()Lcom/coen6761/Robot/Directions;" line="56"><counter type="INSTRUCTION" missed="0" covered="3"/><counter type="LINE" missed="0" covered="1"/><counter type="COMPLEXITY" missed="0" covered="1"/><counter type="METHOD" missed="0" covered="1"/></method><method name="printRobotStatus" desc="()Ljava/lang/String;" line="63"><counter type="INSTRUCTION" missed="0" covered="18"/><counter type="BRANCH" missed="0" covered="2"/><counter type="LINE" missed="0" covered="2"/><counter type="COMPLEXITY" missed="0" covered="2"/><counter type="METHOD" missed="0" covered="1"/></method><counter type="INSTRUCTION" missed="0" covered="79"/><counter type="BRANCH" missed="1" covered="5"/><counter type="LINE" missed="0" covered="25"/><counter type="COMPLEXITY" missed="1" covered="13"/><counter type="METHOD" missed="0" covered="11"/><counter type="CLASS" missed="0" covered="1"/></class><sourcefile name="Robot.java"><line nr="10" mi="0" ci="2" mb="0" cb="0"/><line nr="11" mi="0" ci="5" mb="0" cb="0"/><line nr="12" mi="0" ci="5" mb="0" cb="0"/><line nr="13" mi="0" ci="3" mb="0" cb="0"/><line nr="14" mi="0" ci="3" mb="0" cb="0"/><line nr="15" mi="0" ci="3" mb="0" cb="0"/><line nr="17" mi="0" ci="1" mb="0" cb="0"/><line nr="20" mi="0" ci="3" mb="0" cb="0"/><line nr="24" mi="0" ci="3" mb="0" cb="0"/><line nr="25" mi="0" ci="1" mb="0" cb="0"/><line nr="28" mi="0" ci="3" mb="0" cb="0"/><line nr="32" mi="0" ci="3" mb="0" cb="0"/><line nr="33" mi="0" ci="1" mb="0" cb="0"/><line nr="36" mi="0" ci="4" mb="1" cb="1"/><line nr="37" mi="0" ci="3" mb="0" cb="0"/><line nr="39" mi="0" ci="1" mb="0" cb="0"/><line nr="42" mi="0" ci="3" mb="0" cb="2"/><line nr="43" mi="0" ci="3" mb="0" cb="0"/><line nr="45" mi="0" ci="1" mb="0" cb="0"/><line nr="48" mi="0" ci="3" mb="0" cb="0"/><line nr="52" mi="0" ci="3" mb="0" cb="0"/><line nr="53" mi="0" ci="1" mb="0" cb="0"/><line nr="56" mi="0" ci="3" mb="0" cb="0"/><line nr="63" mi="0" ci="8" mb="0" cb="0"/><line nr="64" mi="0" ci="10" mb="0" cb="2"/><counter type="INSTRUCTION" missed="0" covered="79"/><counter type="BRANCH" missed="1" covered="5"/><counter type="LINE" missed="0" covered="25"/><counter type="COMPLEXITY" missed="1" covered="13"/><counter type="METHOD" missed="0" covered="11"/><counter type="CLASS" missed="0" covered="1"/></sourcefile><sourcefile name="Directions.java"><line nr="3" mi="0" ci="3" mb="0" cb="0"/><line nr="4" mi="0" ci="6" mb="0" cb="0"/><line nr="5" mi="0" ci="6" mb="0" cb="0"/><line nr="6" mi="0" ci="6" mb="0" cb="0"/><line nr="7" mi="0" ci="6" mb="0" cb="0"/><counter type="INSTRUCTION" missed="0" covered="27"/><counter type="LINE" missed="0" covered="5"/><counter type="COMPLEXITY" missed="0" covered="1"/><counter type="METHOD" missed="0" covered="1"/><counter type="CLASS" missed="0" covered="1"/></sourcefile><sourcefile name="RobotService.java"><line nr="8" mi="0" ci="2" mb="0" cb="0"/><line nr="9" mi="0" ci="6" mb="0" cb="0"/><line nr="10" mi="0" ci="3" mb="0" cb="0"/><line nr="11" mi="0" ci="1" mb="0" cb="0"/><line nr="15" mi="0" ci="4" mb="0" cb="0"/><line nr="16" mi="0" ci="4" mb="1" cb="1"/><line nr="17" mi="7" ci="0" mb="0" cb="0"/><line nr="19" mi="0" ci="4" mb="0" cb="0"/><line nr="21" mi="0" ci="3" mb="0" cb="0"/><line nr="26" mi="0" ci="4" mb="0" cb="0"/><line nr="27" mi="0" ci="6" mb="1" cb="1"/><line nr="28" mi="0" ci="7" mb="0" cb="0"/><line nr="30" mi="7" ci="0" mb="0" cb="0"/><line nr="32" mi="0" ci="3" mb="0" cb="0"/><line nr="36" mi="0" ci="4" mb="0" cb="0"/><line nr="37" mi="0" ci="4" mb="0" cb="2"/><line nr="38" mi="0" ci="7" mb="0" cb="0"/><line nr="40" mi="0" ci="4" mb="0" cb="0"/><line nr="42" mi="0" ci="3" mb="0" cb="0"/><line nr="46" mi="4" ci="0" mb="0" cb="0"/><line nr="47" mi="6" ci="0" mb="2" cb="0"/><line nr="48" mi="7" ci="0" mb="0" cb="0"/><line nr="50" mi="7" ci="0" mb="0" cb="0"/><line nr="52" mi="3" ci="0" mb="0" cb="0"/><line nr="73" mi="0" ci="4" mb="0" cb="0"/><line nr="74" mi="0" ci="6" mb="0" cb="0"/><line nr="75" mi="0" ci="3" mb="0" cb="0"/><line nr="80" mi="0" ci="4" mb="0" cb="0"/><line nr="81" mi="0" ci="6" mb="0" cb="0"/><line nr="82" mi="0" ci="3" mb="0" cb="0"/><line nr="86" mi="0" ci="3" mb="0" cb="2"/><line nr="87" mi="0" ci="2" mb="0" cb="0"/><line nr="88" mi="0" ci="3" mb="0" cb="2"/><line nr="89" mi="0" ci="2" mb="0" cb="0"/><line nr="90" mi="0" ci="3" mb="1" cb="1"/><line nr="91" mi="0" ci="2" mb="0" cb="0"/><line nr="93" mi="2" ci="0" mb="0" cb="0"/><line nr="98" mi="0" ci="3" mb="1" cb="1"/><line nr="99" mi="0" ci="2" mb="0" cb="0"/><line nr="100" mi="3" ci="0" mb="2" cb="0"/><line nr="101" mi="2" ci="0" mb="0" cb="0"/><line nr="102" mi="3" ci="0" mb="2" cb="0"/><line nr="103" mi="2" ci="0" mb="0" cb="0"/><line nr="105" mi="2" ci="0" mb="0" cb="0"/><line nr="110" mi="0" ci="3" mb="0" cb="0"/><counter type="INSTRUCTION" missed="55" covered="118"/><counter type="BRANCH" missed="10" covered="10"/><counter type="LINE" missed="13" covered="32"/><counter type="COMPLEXITY" missed="8" covered="12"/><counter type="METHOD" missed="1" covered="9"/><counter type="CLASS" missed="0" covered="1"/></sourcefile><counter type="INSTRUCTION" missed="55" covered="224"/><counter type="BRANCH" missed="11" covered="15"/><counter type="LINE" missed="13" covered="62"/><counter type="COMPLEXITY" missed="9" covered="26"/><counter type="METHOD" missed="1" covered="21"/><counter type="CLASS" missed="0" covered="3"/></package><counter type="INSTRUCTION" missed="214" covered="1208"/><counter type="BRANCH" missed="45" covered="116"/><counter type="LINE" missed="48" covered="307"/><counter type="COMPLEXITY" missed="43" covered="115"/><counter type="METHOD" missed="5" covered="64"/><counter type="CLASS" missed="1" covered="10"/></report>