<?xml version="1.0" encoding="UTF-8"?>
<testsuite xmlns:xsi="http://www.w3.org/2001/XMLSchema-instance" xsi:noNamespaceSchemaLocation="https://maven.apache.org/surefire/maven-surefire-plugin/xsd/surefire-test-report-3.0.xsd" version="3.0" name="com.coen6761.RobotMotionTest" time="0.272" tests="36" errors="2" skipped="0" failures="1">
  <properties>
[...]
</properties>
  <testcase name="testMovementBoundary_decisions" classname="com.coen6761.RobotMotionTest" time="0.058"/>
  <testcase name="testMovementDirections_conditions(Directions, String)[1]" classname="com.coen6761.RobotMotionTest" time="0.025"/>
  <testcase name="testMovementDirections_conditions(Directions, String)[2]" classname="com.coen6761.RobotMotionTest" time="0.001"/>
  <testcase name="testMovementDirections_conditions(Directions, String)[3]" classname="com.coen6761.RobotMotionTest" time="0.001"/>
  <testcase name="testMovementDirections_conditions(Directions, String)[4]" classname="com.coen6761.RobotMotionTest" time="0.003"/>
  <testcase name="testPenStateWithMovement_multipleConditions(String, String, boolean)[1]" classname="com.coen6761.RobotMotionTest" time="0.009"/>
  <testcase name="testPenStateWithMovement_multipleConditions(String, String, boolean)[2]" classname="com.coen6761.RobotMotionTest" time="0.001"/>
  <testcase name="testPenStateWithMovement_multipleConditions(String, String, boolean)[3]" classname="com.coen6761.RobotMotionTest" time="0.001"/>
  <testcase name="testPenStateWithMovement_multipleConditions(String, String, boolean)[4]" classname="com.coen6761.RobotMotionTest" time="0.001"/>
  <testcase name="testAllCommandStatements(String)[1]" classname="com.coen6761.RobotMotionTest" time="0.004"/>
  <testcase name="testAllCommandStatements(String)[2]" classname="com.coen6761.RobotMotionTest" time="0.001"/>
  <testcase name="testAllCommandStatements(String)[3]" classname="com.coen6761.RobotMotionTest" time="0.001"/>
  <testcase name="testAllCommandStatements(String)[4]" classname="com.coen6761.RobotMotionTest" time="0.001"/>
  <testcase name="testAllCommandStatements(String)[5]" classname="com.coen6761.RobotMotionTest" time="0.001"/>
  <testcase name="testAllCommandStatements(String)[6]" classname="com.coen6761.RobotMotionTest" time="0.001"/>
  <testcase name="testAllCommandStatements(String)[7]" classname="com.coen6761.RobotMotionTest" time="0.008"/>
  <testcase name="testPenCommands_decisions" classname="com.coen6761.RobotMotionTest" time="0.001"/>
  <testcase name="testUninitializedCommands" classname="com.coen6761.RobotMotionTest" time="0.001"/>
  <testcase name="testGridSizeBoundaries" classname="com.coen6761.RobotMotionTest" time="0.001"/>
  <testcase name="testFloorMarking_mutation" classname="com.coen6761.RobotMotionTest" time="0.004"/>
  <testcase name="testFullWorkflow" classname="com.coen6761.RobotMotionTest" time="0.006"/>
  <testcase name="testInvalidInputs(String)[1]" classname="com.coen6761.RobotMotionTest" time="0"/>
  <testcase name="testInvalidInputs(String)[2]" classname="com.coen6761.RobotMotionTest" time="0.003">
    <error type="java.lang.ArrayIndexOutOfBoundsException"><![CDATA[java.lang.ArrayIndexOutOfBoundsException: Index 0 out of bounds for length 0
	at com.coen6761.RobotMotionTest.testInvalidInputs(RobotMotionTest.java:150)
]]></error>
  </testcase>
  <testcase name="testInvalidInputs(String)[3]" classname="com.coen6761.RobotMotionTest" time="0.001">
    <error type="java.lang.ArrayIndexOutOfBoundsException"><![CDATA[java.lang.ArrayIndexOutOfBoundsException: Index 0 out of bounds for length 0
	at com.coen6761.RobotMotionTest.testInvalidInputs(RobotMotionTest.java:150)
]]></error>
  </testcase>
  <testcase name="testInvalidInputs(String)[4]" classname="com.coen6761.RobotMotionTest" time="0"/>
  <testcase name="testInvalidInputs(String)[5]" classname="com.coen6761.RobotMotionTest" time="0"/>
  <testcase name="testInvalidInputs(String)[6]" classname="com.coen6761.RobotMotionTest" time="0"/>
  <testcase name="testInvalidInputs(String)[7]" classname="com.coen6761.RobotMotionTest" time="0.001"/>
  <testcase name="testInvalidInputs(String)[8]" classname="com.coen6761.RobotMotionTest" time="0.001"/>
  <testcase name="testInvalidInputs(String)[9]" classname="com.coen6761.RobotMotionTest" time="0.002"/>
  <testcase name="testInvalidInputs(String)[10]" classname="com.coen6761.RobotMotionTest" time="0"/>
  <testcase name="testPenDownUpSamePosition_noStarShouldAppear" classname="com.coen6761.RobotMotionTest" time="0.003">
    <failure type="org.opentest4j.AssertionFailedError"><![CDATA[org.opentest4j.AssertionFailedError: Star should appear when pen is lowered and raised at same position ==> expected: <true> but was: <false>
	at com.coen6761.RobotMotionTest.testPenDownUpSamePosition_noStarShouldAppear(RobotMotionTest.java:284)
]]></failure>
  </testcase>
  <testcase name="testInitialization_statements" classname="com.coen6761.RobotMotionTest" time="0.001"/>
  <testcase name="testCommandProcessing_dataFlow" classname="com.coen6761.RobotMotionTest" time="0.001"/>
  <testcase name="testHistoryReplayAccuracy" classname="com.coen6761.RobotMotionTest" time="0.002"/>
  <testcase name="testStateTransitions" classname="com.coen6761.RobotMotionTest" time="0.001"/>
</testsuite>